<?xml version="1.0" encoding="UTF-8"?>
<!-- Generated by org.testng.reporters.JUnitXMLReporter -->
<testsuite ignored="2" hostname="DESKTOP-E2JOFU2" failures="0" tests="1" name="Default test" time="17.549" errors="0" timestamp="2025-02-14T12:20:13 IST">
  <testcase classname="jupiter.Scenario1" name="testcase1" time="17.449"/>
  <testcase classname="jupiter.Scenario1" name="testcase3" time="0.0">
    <ignored/>
  </testcase> <!-- testcase3 -->
  <testcase classname="jupiter.Scenario1" name="testcase2" time="0.0">
    <ignored/>
  </testcase> <!-- testcase2 -->
</testsuite> <!-- Default test -->
