<?xml version="1.0" encoding="UTF-8"?>
<!-- Generated by org.testng.reporters.JUnitXMLReporter -->
<testsuite ignored="2" hostname="DESKTOP-E2JOFU2" failures="0" tests="4" name="Test2" time="0.168" errors="0" timestamp="2024-10-22T12:17:51 IST">
  <testcase classname="PracticeTestng.classA" name="method2" time="0.0">
    <skipped/>
  </testcase> <!-- method2 -->
  <testcase classname="PracticeTestng.ClassB" name="method3" time="0.0">
    <skipped/>
  </testcase> <!-- method3 -->
  <testcase classname="PracticeTestng.ClassB" name="method4" time="0.0">
    <skipped/>
  </testcase> <!-- method4 -->
  <testcase classname="PracticeTestng.classA" name="method1" time="0.001">
    <skipped/>
  </testcase> <!-- method1 -->
  <testcase classname="com.comcast.crm.basetest.BaseClass" name="@BeforeSuite configBS" time="0.0">
    <ignored/>
  </testcase> <!-- @BeforeSuite configBS -->
  <testcase classname="com.comcast.crm.basetest.BaseClass" name="@AfterSuite configAS" time="0.0">
    <ignored/>
  </testcase> <!-- @AfterSuite configAS -->
</testsuite> <!-- Test2 -->
