<?xml version="1.0" encoding="UTF-8"?>
<!-- Generated by org.testng.reporters.JUnitXMLReporter -->
<testsuite ignored="2" hostname="DESKTOP-E2JOFU2" failures="0" tests="6" name="Test1" time="266.65" errors="0" timestamp="2024-10-21T17:46:24 IST">
  <testcase classname="CrmUsingCongfAnnotation.CreateContact" name="CreateContactWithStartdateandEnddate" time="39.067"/>
  <testcase classname="CrmUsingCongfAnnotation.CreateContact" name="CreateContactWithorgname" time="43.621"/>
  <testcase classname="CrmUsingCongfAnnotation.CreateContact" name="CreateContactWithphno" time="25.079"/>
  <testcase classname="CrmUsingCongfAnnotation.CreateContact" name="createcontactlnTest" time="21.551"/>
  <testcase classname="CrmUsingCongfAnnotation.CreateProduct" name="createProductwithctgry" time="16.993"/>
  <testcase classname="CrmUsingCongfAnnotation.CreateProduct" name="createProductwithlastname" time="13.983"/>
  <testcase classname="com.comcast.crm.basetest.BaseClass" name="@AfterSuite configAS" time="0.0">
    <ignored/>
  </testcase> <!-- @AfterSuite configAS -->
  <testcase classname="com.comcast.crm.basetest.BaseClass" name="@BeforeSuite configBS" time="0.0">
    <ignored/>
  </testcase> <!-- @BeforeSuite configBS -->
</testsuite> <!-- Test1 -->
