<?xml version="1.0" encoding="UTF-8"?>
<testng-results ignored="0" total="1" passed="1" failed="0" skipped="0">
  <reporter-output>
  </reporter-output>
  <suite started-at="2025-07-03T11:36:02 IST" name="Default suite" finished-at="2025-07-03T11:36:55 IST" duration-ms="53302">
    <groups>
    </groups>
    <test started-at="2025-07-03T11:36:02 IST" name="Default test" finished-at="2025-07-03T11:36:55 IST" duration-ms="53302">
      <class name="meesho.testcase1">
        <test-method signature="testcase1()[pri:0, instance:meesho.testcase1@6340e5f0]" started-at="2025-07-03T11:36:02 IST" name="testcase1" finished-at="2025-07-03T11:36:55 IST" duration-ms="53181" status="PASS">
          <reporter-output>
          </reporter-output>
        </test-method> <!-- testcase1 -->
      </class> <!-- meesho.testcase1 -->
    </test> <!-- Default test -->
  </suite> <!-- Default suite -->
</testng-results>
