<?xml version="1.0" encoding="UTF-8"?>
<testng-results ignored="0" total="1" passed="1" failed="0" skipped="0">
  <reporter-output>
  </reporter-output>
  <suite started-at="2025-02-14T12:19:56 IST" name="Default suite" finished-at="2025-02-14T12:20:13 IST" duration-ms="17549">
    <groups>
    </groups>
    <test started-at="2025-02-14T12:19:56 IST" name="Default test" finished-at="2025-02-14T12:20:13 IST" duration-ms="17549">
      <class name="jupiter.Scenario1">
        <test-method signature="testcase1()[pri:0, instance:jupiter.Scenario1@13e344d]" started-at="2025-02-14T12:19:56 IST" name="testcase1" finished-at="2025-02-14T12:20:13 IST" duration-ms="17449" status="PASS">
          <reporter-output>
          </reporter-output>
        </test-method> <!-- testcase1 -->
      </class> <!-- jupiter.Scenario1 -->
    </test> <!-- Default test -->
  </suite> <!-- Default suite -->
</testng-results>
